<?xml version="1.0" encoding="UTF-8"?>
<!-- Generated by org.testng.reporters.JUnitReportReporter -->
<testsuite skipped="0" hostname="Ravis-MacBook-Air.local" name="LuminorTest" tests="1" failures="0" timestamp="2021-09-01T17:13:00 IST" time="42.196" errors="0">
  <testcase name="testLuminor" time="42.196" classname="LuminorTest"/>
  <system-out/>
</testsuite> <!-- LuminorTest -->
