<?xml version="1.0" encoding="UTF-8"?>
<!-- Generated by org.testng.reporters.JUnitReportReporter -->
<testsuite skipped="0" hostname="Ravis-MacBook-Air.local" name="LuminorTest" tests="1" failures="0" timestamp="2021-09-01T15:06:26 IST" time="51.916" errors="0">
  <testcase name="testLuminor" time="51.916" classname="LuminorTest"/>
  <system-out/>
</testsuite> <!-- LuminorTest -->
